<?xml version="1.0" encoding="UTF-8"?>
<!-- Generated by org.testng.reporters.JUnitReportReporter -->
<testsuite hostname="LTIN509568" failures="0" tests="1" name="testCases.TC_003_RetriveAllGymServicesFilters" time="7.957" errors="0" timestamp="2024-11-06T01:23:10 IST" skipped="0">
  <testcase classname="testCases.TC_003_RetriveAllGymServicesFilters" name="retriveFilters" time="7.957"/>
  <system-out/>
</testsuite> <!-- testCases.TC_003_RetriveAllGymServicesFilters -->
