<?xml version="1.0" encoding="UTF-8"?>
<!-- Generated by org.testng.reporters.JUnitReportReporter -->
<testsuite hostname="LTIN509568" failures="0" tests="1" name="testCases.TC_001_ListOfCarWashingServices" time="14.252" errors="0" timestamp="2024-11-08T16:30:04 IST" skipped="0">
  <testcase classname="testCases.TC_001_ListOfCarWashingServices" name="topFiveCarWashingCenter" time="14.252"/>
  <system-out/>
</testsuite> <!-- testCases.TC_001_ListOfCarWashingServices -->
