<?xml version="1.0" encoding="UTF-8"?>
<!-- Generated by org.testng.reporters.JUnitReportReporter -->
<testsuite hostname="LTIN509568" failures="0" tests="1" name="testCases.TC_003_RetriveAllGymServicesFilters" time="10.090" errors="0" timestamp="2024-11-07T15:57:27 IST" skipped="0">
  <testcase classname="testCases.TC_003_RetriveAllGymServicesFilters" name="retriveFilters" time="10.090"/>
  <system-out/>
</testsuite> <!-- testCases.TC_003_RetriveAllGymServicesFilters -->
